Flutter crash report.
Please report a bug at https://github.com/flutter/flutter/issues.

## command

flutter run --machine --start-paused -d chrome --devtools-server-address http://127.0.0.1:9100/ --target C:\xampp\htdocs\ProyectoVuelos\appvuelos\lib\main.dart

## exception

StateError: Bad state: StreamSink is closed

```
#0      _StreamSinkImpl.add (dart:_http/http_impl.dart:919:7)
#1      _WebSocketImpl.add (dart:_http/websocket_impl.dart:1223:11)
#2      vmServiceConnectUriWithFactory.<anonymous closure> (package:vm_service/vm_service_io.dart:37:46)
#3      VmService._processRequest (package:vm_service/src/vm_service.dart:2030:18)
<asynchronous suspension>
```

## flutter doctor

```
[✓] Flutter (Channel stable, 3.27.3, on Microsoft Windows [Versi¢n 10.0.26100.1742], locale es-MX)
    • Flutter version 3.27.3 on channel stable at C:\Users\gatoc\Downloads\flutter_windows_3.27.3-stable\flutter
    • Upstream repository https://github.com/flutter/flutter.git
    • Framework revision c519ee916e (3 weeks ago), 2025-01-21 10:32:23 -0800
    • Engine revision e672b006cb
    • Dart version 3.6.1
    • DevTools version 2.40.2

[✓] Windows Version (Installed version of Windows is version 10 or higher)

[!] Android toolchain - develop for Android devices (Android SDK version 35.0.1)
    • Android SDK at C:\Users\gatoc\AppData\Local\Android\sdk
    ✗ cmdline-tools component is missing
      Run `path/to/sdkmanager --install "cmdline-tools;latest"`
      See https://developer.android.com/studio/command-line for more details.
    ✗ Android license status unknown.
      Run `flutter doctor --android-licenses` to accept the SDK licenses.
      See https://flutter.dev/to/windows-android-setup for more details.

[✓] Chrome - develop for the web
    • Chrome at C:\Program Files\Google\Chrome\Application\chrome.exe

[!] Visual Studio - develop Windows apps (Visual Studio Community 2022 17.12.4)
    • Visual Studio at D:\visual studio microsoft
    • Visual Studio Community 2022 version 17.12.35707.178
    ✗ Visual Studio is missing necessary components. Please re-run the Visual Studio installer for the "Desktop development with C++" workload, and include these components:
        MSVC v142 - VS 2019 C++ x64/x86 build tools
         - If there are multiple build tool versions available, install the latest
        C++ CMake tools for Windows
        Windows 10 SDK

[✓] Android Studio (version 2024.2)
    • Android Studio at D:\AndroidStudio
    • Flutter plugin can be installed from:
      🔨 https://plugins.jetbrains.com/plugin/9212-flutter
    • Dart plugin can be installed from:
      🔨 https://plugins.jetbrains.com/plugin/6351-dart
    • Java version OpenJDK Runtime Environment (build 21.0.4+-12508038-b607.1)

[✓] VS Code (version 1.97.1)
    • VS Code at C:\Users\gatoc\AppData\Local\Programs\Microsoft VS Code
    • Flutter extension version 3.104.0

[✓] Connected device (3 available)
    • Windows (desktop) • windows • windows-x64    • Microsoft Windows [Versi¢n 10.0.26100.1742]
    • Chrome (web)      • chrome  • web-javascript • Google Chrome 132.0.6834.197
    • Edge (web)        • edge    • web-javascript • Microsoft Edge 133.0.3065.59

[✓] Network resources
    • All expected network resources are available.

! Doctor found issues in 2 categories.
```
